<?xml version="1.0" encoding="UTF-8"?>
<!-- Generated by org.testng.reporters.JUnitReportReporter -->
<testsuite hostname="DESKTOP-C1NTLEC" failures="0" tests="3" name="com.bdd.runner.TestRunner" time="83.016" errors="0" timestamp="2022-07-28T20:07:23 AEST" skipped="0">
  <testcase classname="com.bdd.runner.TestRunner" name="runScenario" time="25.825"/>
  <system-out/>
  <testcase classname="com.bdd.runner.TestRunner" name="runScenario" time="28.402"/>
  <system-out/>
  <testcase classname="com.bdd.runner.TestRunner" name="runScenario" time="28.789"/>
  <system-out/>
</testsuite> <!-- com.bdd.runner.TestRunner -->
