<?xml version="1.0" encoding="UTF-8"?>
<!-- Generated by org.testng.reporters.JUnitReportReporter -->
<testsuite hostname="DESKTOP-C1NTLEC" failures="0" tests="1" name="Testsample" time="0.020" errors="0" timestamp="2022-06-03T00:20:48 AEST" skipped="0">
  <testcase classname="Testsample" name="test1" time="0.020"/>
  <system-out/>
</testsuite> <!-- Testsample -->
