<?xml version="1.0" encoding="UTF-8"?>
<!-- Generated by org.testng.reporters.JUnitReportReporter -->
<testsuite hostname="DESKTOP-C1NTLEC" failures="0" tests="10" name="com.bdd.runner.TestRunner" time="80.947" errors="0" timestamp="2022-06-12T10:57:17 AEST" skipped="0">
  <testcase classname="com.bdd.runner.TestRunner" name="runScenario" time="12.080"/>
  <system-out/>
  <testcase classname="com.bdd.runner.TestRunner" name="runScenario" time="7.219"/>
  <system-out/>
  <testcase classname="com.bdd.runner.TestRunner" name="runScenario" time="8.491"/>
  <system-out/>
  <testcase classname="com.bdd.runner.TestRunner" name="runScenario" time="5.382"/>
  <system-out/>
  <testcase classname="com.bdd.runner.TestRunner" name="runScenario" time="7.802"/>
  <system-out/>
  <testcase classname="com.bdd.runner.TestRunner" name="runScenario" time="12.224"/>
  <system-out/>
  <testcase classname="com.bdd.runner.TestRunner" name="runScenario" time="7.011"/>
  <system-out/>
  <testcase classname="com.bdd.runner.TestRunner" name="runScenario" time="10.152"/>
  <system-out/>
  <testcase classname="com.bdd.runner.TestRunner" name="runScenario" time="5.230"/>
  <system-out/>
  <testcase classname="com.bdd.runner.TestRunner" name="runScenario" time="5.356"/>
  <system-out/>
</testsuite> <!-- com.bdd.runner.TestRunner -->
