<?xml version="1.0" encoding="UTF-8"?>
<!-- Generated by org.testng.reporters.JUnitReportReporter -->
<testsuite hostname="DESKTOP-C1NTLEC" failures="0" tests="24" name="com.bdd.runner.TestRunner" time="245.136" errors="0" timestamp="2022-07-24T11:59:19 AEST" skipped="0">
  <testcase classname="com.bdd.runner.TestRunner" name="runScenario" time="5.325"/>
  <system-out/>
  <testcase classname="com.bdd.runner.TestRunner" name="runScenario" time="5.593"/>
  <system-out/>
  <testcase classname="com.bdd.runner.TestRunner" name="runScenario" time="11.464"/>
  <system-out/>
  <testcase classname="com.bdd.runner.TestRunner" name="runScenario" time="12.307"/>
  <system-out/>
  <testcase classname="com.bdd.runner.TestRunner" name="runScenario" time="12.245"/>
  <system-out/>
  <testcase classname="com.bdd.runner.TestRunner" name="runScenario" time="11.587"/>
  <system-out/>
  <testcase classname="com.bdd.runner.TestRunner" name="runScenario" time="15.103"/>
  <system-out/>
  <testcase classname="com.bdd.runner.TestRunner" name="runScenario" time="16.212"/>
  <system-out/>
  <testcase classname="com.bdd.runner.TestRunner" name="runScenario" time="8.941"/>
  <system-out/>
  <testcase classname="com.bdd.runner.TestRunner" name="runScenario" time="12.004"/>
  <system-out/>
  <testcase classname="com.bdd.runner.TestRunner" name="runScenario" time="5.286"/>
  <system-out/>
  <testcase classname="com.bdd.runner.TestRunner" name="runScenario" time="10.800"/>
  <system-out/>
  <testcase classname="com.bdd.runner.TestRunner" name="runScenario" time="5.382"/>
  <system-out/>
  <testcase classname="com.bdd.runner.TestRunner" name="runScenario" time="12.162"/>
  <system-out/>
  <testcase classname="com.bdd.runner.TestRunner" name="runScenario" time="8.853"/>
  <system-out/>
  <testcase classname="com.bdd.runner.TestRunner" name="runScenario" time="4.988"/>
  <system-out/>
  <testcase classname="com.bdd.runner.TestRunner" name="runScenario" time="10.886"/>
  <system-out/>
  <testcase classname="com.bdd.runner.TestRunner" name="runScenario" time="7.180"/>
  <system-out/>
  <testcase classname="com.bdd.runner.TestRunner" name="runScenario" time="7.377"/>
  <system-out/>
  <testcase classname="com.bdd.runner.TestRunner" name="runScenario" time="16.839"/>
  <system-out/>
  <testcase classname="com.bdd.runner.TestRunner" name="runScenario" time="5.296"/>
  <system-out/>
  <testcase classname="com.bdd.runner.TestRunner" name="runScenario" time="8.903"/>
  <system-out/>
  <testcase classname="com.bdd.runner.TestRunner" name="runScenario" time="17.498"/>
  <system-out/>
  <testcase classname="com.bdd.runner.TestRunner" name="runScenario" time="12.905"/>
  <system-out/>
</testsuite> <!-- com.bdd.runner.TestRunner -->
