<?xml version="1.0" encoding="UTF-8"?>
<!-- Generated by org.testng.reporters.JUnitReportReporter -->
<testsuite hostname="DESKTOP-C1NTLEC" failures="0" tests="3" name="com.bdd.runner.TestRunner" time="57.629" errors="0" timestamp="2022-07-09T13:51:52 AEST" skipped="0">
  <testcase classname="com.bdd.runner.TestRunner" name="runScenario" time="22.532"/>
  <system-out/>
  <testcase classname="com.bdd.runner.TestRunner" name="runScenario" time="15.841"/>
  <system-out/>
  <testcase classname="com.bdd.runner.TestRunner" name="runScenario" time="19.256"/>
  <system-out/>
</testsuite> <!-- com.bdd.runner.TestRunner -->
