<?xml version="1.0" encoding="UTF-8"?>
<!-- Generated by org.testng.reporters.JUnitReportReporter -->
<testsuite hostname="DESKTOP-C1NTLEC" failures="0" tests="3" name="com.bdd.runner.TestRunner" time="73.342" errors="0" timestamp="2022-07-25T13:49:15 AEST" skipped="0">
  <testcase classname="com.bdd.runner.TestRunner" name="runScenario" time="26.089"/>
  <system-out/>
  <testcase classname="com.bdd.runner.TestRunner" name="runScenario" time="23.837"/>
  <system-out/>
  <testcase classname="com.bdd.runner.TestRunner" name="runScenario" time="23.416"/>
  <system-out/>
</testsuite> <!-- com.bdd.runner.TestRunner -->
