<?xml version="1.0" encoding="UTF-8"?>
<!-- Generated by org.testng.reporters.JUnitReportReporter -->
<testsuite hostname="DESKTOP-C1NTLEC" failures="0" tests="1" name="com.bdd.runner.TestRunner" time="8.066" errors="0" timestamp="2022-06-11T19:53:50 AEST" skipped="0">
  <testcase classname="com.bdd.runner.TestRunner" name="runScenario" time="8.066"/>
  <system-out/>
</testsuite> <!-- com.bdd.runner.TestRunner -->
