<?xml version="1.0" encoding="UTF-8"?>
<!-- Generated by org.testng.reporters.JUnitReportReporter -->
<testsuite hostname="DESKTOP-C1NTLEC" failures="0" tests="9" name="com.bdd.runner.TestRunner" time="70.484" errors="0" timestamp="2022-06-21T19:36:49 AEST" skipped="0">
  <testcase classname="com.bdd.runner.TestRunner" name="runScenario" time="13.912"/>
  <system-out/>
  <testcase classname="com.bdd.runner.TestRunner" name="runScenario" time="7.348"/>
  <system-out/>
  <testcase classname="com.bdd.runner.TestRunner" name="runScenario" time="6.537"/>
  <system-out/>
  <testcase classname="com.bdd.runner.TestRunner" name="runScenario" time="8.825"/>
  <system-out/>
  <testcase classname="com.bdd.runner.TestRunner" name="runScenario" time="6.350"/>
  <system-out/>
  <testcase classname="com.bdd.runner.TestRunner" name="runScenario" time="8.170"/>
  <system-out/>
  <testcase classname="com.bdd.runner.TestRunner" name="runScenario" time="6.746"/>
  <system-out/>
  <testcase classname="com.bdd.runner.TestRunner" name="runScenario" time="6.568"/>
  <system-out/>
  <testcase classname="com.bdd.runner.TestRunner" name="runScenario" time="6.028"/>
  <system-out/>
</testsuite> <!-- com.bdd.runner.TestRunner -->
